2021-10-18 15:59:40,427 [Worker-6: Loading available Gradle versions] INFO  o.e.b.c.i.u.g.PublishedGradleVersions - Gradle version information cache is up-to-date. Trying to read.
2021-10-18 15:59:51,078 [Worker-12: Auto share git projects] WARN  org.eclipse.jgit.util.FS_POSIX - Exception caught during execution of command '[bash, --login, -c, which git]' in '/Users/wangweiran', return code '127', error message 'bash: which: command not found
'
2021-10-18 16:00:11,930 [Worker-14: Enabling Maven Dependency Management] INFO  o.e.m.c.i.l.LifecycleMappingFactory - Using org.eclipse.m2e.jdt.JarLifecycleMapping lifecycle mapping for MavenProject: org.networkcalculus.dnc:NetCal-DNC:2.6.2 @ /Users/wangweiran/Desktop/Semester Project/EPFL_Network_Calculus_Semester_Project/DNC/pom.xml.
2021-10-18 16:00:12,421 [Worker-14: Enabling Maven Dependency Management] INFO  o.e.m.j.i.AbstractJavaProjectConfigurator - Adding source folder /DNC/src/main/java
2021-10-18 16:00:12,422 [Worker-14: Enabling Maven Dependency Management] INFO  o.e.m.j.i.AbstractJavaProjectConfigurator - Adding source folder /DNC/src/test/java
2021-10-18 16:00:19,521 [Worker-14: Enabling Maven Dependency Management] INFO  o.e.m.c.i.p.ProjectConfigurationManager - Update started
2021-10-18 16:00:19,796 [Worker-14: Enabling Maven Dependency Management] INFO  o.e.m.c.i.l.LifecycleMappingFactory - Using org.eclipse.m2e.jdt.JarLifecycleMapping lifecycle mapping for MavenProject: org.networkcalculus.dnc:NetCal-DNC:2.6.2 @ /Users/wangweiran/Desktop/Semester Project/EPFL_Network_Calculus_Semester_Project/DNC/pom.xml.
2021-10-18 16:00:20,150 [Worker-14: Enabling Maven Dependency Management] INFO  o.e.m.j.i.AbstractJavaProjectConfigurator - Adding source folder /DNC/src/main/java
2021-10-18 16:00:20,151 [Worker-14: Enabling Maven Dependency Management] INFO  o.e.m.j.i.AbstractJavaProjectConfigurator - Adding source folder /DNC/src/test/java
2021-10-18 16:00:20,334 [Worker-14: Enabling Maven Dependency Management] INFO  o.e.m.c.i.p.ProjectConfigurationManager - Update completed: 0 sec
2021-10-18 16:00:26,507 [Worker-3: Building] INFO  o.e.m.c.i.embedder.EclipseLogger - Using 'UTF-8' encoding to copy filtered resources.
2021-10-18 16:00:26,507 [Worker-3: Building] INFO  o.e.m.c.i.embedder.EclipseLogger - skip non existing resourceDirectory /Users/wangweiran/Desktop/Semester Project/EPFL_Network_Calculus_Semester_Project/DNC/src/main/resources
2021-10-18 16:00:26,511 [Worker-3: Building] INFO  o.e.m.c.i.embedder.EclipseLogger - Using 'UTF-8' encoding to copy filtered resources.
2021-10-18 16:00:26,511 [Worker-3: Building] INFO  o.e.m.c.i.embedder.EclipseLogger - skip non existing resourceDirectory /Users/wangweiran/Desktop/Semester Project/EPFL_Network_Calculus_Semester_Project/DNC/src/test/resources
2021-10-18 16:00:46,563 [Worker-23: Building] INFO  o.e.m.c.i.l.LifecycleMappingFactory - Using org.eclipse.m2e.jdt.JarLifecycleMapping lifecycle mapping for MavenProject: org.networkcalculus.dnc:NetCal-DNC:2.6.2 @ /Users/wangweiran/Desktop/Semester Project/EPFL_Network_Calculus_Semester_Project/DNC/pom.xml.
2021-10-18 16:00:47,639 [Worker-23: Building] INFO  o.e.m.c.i.embedder.EclipseLogger - Source directory: /Users/wangweiran/Desktop/Semester Project/EPFL_Network_Calculus_Semester_Project/DNC/src/experiments/java added.
2021-10-18 16:00:47,639 [Worker-23: Building] INFO  o.e.m.c.i.embedder.EclipseLogger - Source directory: /Users/wangweiran/Desktop/Semester Project/EPFL_Network_Calculus_Semester_Project/DNC/src/functional_tests/java added.
2021-10-18 16:00:47,639 [Worker-23: Building] INFO  o.e.m.c.i.embedder.EclipseLogger - Source directory: /Users/wangweiran/Desktop/Semester Project/EPFL_Network_Calculus_Semester_Project/DNC/src/mpa_ext/java added.
2021-10-18 16:00:47,641 [Worker-23: Building] INFO  o.e.m.c.i.embedder.EclipseLogger - Test Source directory: /Users/wangweiran/Desktop/Semester Project/EPFL_Network_Calculus_Semester_Project/DNC/src/functional_tests/java added.
2021-10-18 16:00:47,721 [Worker-23: Building] INFO  o.e.m.c.i.embedder.EclipseLogger - Using 'UTF-8' encoding to copy filtered resources.
2021-10-18 16:00:47,722 [Worker-23: Building] INFO  o.e.m.c.i.embedder.EclipseLogger - skip non existing resourceDirectory /Users/wangweiran/Desktop/Semester Project/EPFL_Network_Calculus_Semester_Project/DNC/src/main/resources
2021-10-18 16:00:47,725 [Worker-23: Building] INFO  o.e.m.c.i.embedder.EclipseLogger - Using 'UTF-8' encoding to copy filtered resources.
2021-10-18 16:00:47,725 [Worker-23: Building] INFO  o.e.m.c.i.embedder.EclipseLogger - skip non existing resourceDirectory /Users/wangweiran/Desktop/Semester Project/EPFL_Network_Calculus_Semester_Project/DNC/src/test/resources
2021-10-18 16:00:47,806 [Worker-8: Updating DNC Sources] INFO  o.e.m.c.i.p.ProjectConfigurationManager - Update started
2021-10-18 16:00:48,043 [Worker-8: Updating DNC Sources] INFO  o.e.m.c.i.l.LifecycleMappingFactory - Using org.eclipse.m2e.jdt.JarLifecycleMapping lifecycle mapping for MavenProject: org.networkcalculus.dnc:NetCal-DNC:2.6.2 @ /Users/wangweiran/Desktop/Semester Project/EPFL_Network_Calculus_Semester_Project/DNC/pom.xml.
2021-10-18 16:00:48,595 [Worker-8: Updating DNC Sources] INFO  o.e.m.c.i.embedder.EclipseLogger - Source directory: /Users/wangweiran/Desktop/Semester Project/EPFL_Network_Calculus_Semester_Project/DNC/src/experiments/java added.
2021-10-18 16:00:48,596 [Worker-8: Updating DNC Sources] INFO  o.e.m.c.i.embedder.EclipseLogger - Source directory: /Users/wangweiran/Desktop/Semester Project/EPFL_Network_Calculus_Semester_Project/DNC/src/functional_tests/java added.
2021-10-18 16:00:48,596 [Worker-8: Updating DNC Sources] INFO  o.e.m.c.i.embedder.EclipseLogger - Source directory: /Users/wangweiran/Desktop/Semester Project/EPFL_Network_Calculus_Semester_Project/DNC/src/mpa_ext/java added.
2021-10-18 16:00:48,598 [Worker-8: Updating DNC Sources] INFO  o.e.m.c.i.embedder.EclipseLogger - Test Source directory: /Users/wangweiran/Desktop/Semester Project/EPFL_Network_Calculus_Semester_Project/DNC/src/functional_tests/java added.
2021-10-18 16:00:48,653 [Worker-8: Updating DNC Sources] INFO  o.e.m.j.i.AbstractJavaProjectConfigurator - Adding source folder /DNC/src/main/java
2021-10-18 16:00:48,657 [Worker-8: Updating DNC Sources] INFO  o.e.m.j.i.AbstractJavaProjectConfigurator - Adding source folder /DNC/src/experiments/java
2021-10-18 16:00:48,660 [Worker-8: Updating DNC Sources] INFO  o.e.m.j.i.AbstractJavaProjectConfigurator - Adding source folder /DNC/src/functional_tests/java
2021-10-18 16:00:48,663 [Worker-8: Updating DNC Sources] INFO  o.e.m.j.i.AbstractJavaProjectConfigurator - Adding source folder /DNC/src/mpa_ext/java
2021-10-18 16:00:48,664 [Worker-8: Updating DNC Sources] INFO  o.e.m.j.i.AbstractJavaProjectConfigurator - Adding source folder /DNC/src/test/java
2021-10-18 16:00:48,665 [Worker-8: Updating DNC Sources] INFO  o.e.m.j.i.AbstractJavaProjectConfigurator - Adding source folder /DNC/src/functional_tests/java
2021-10-18 16:00:48,877 [Worker-8: Updating DNC Sources] INFO  o.e.m.c.i.p.ProjectConfigurationManager - Update completed: 1 sec
2021-10-18 16:00:56,880 [Worker-25: Building] INFO  o.e.m.c.i.embedder.EclipseLogger - Source directory: /Users/wangweiran/Desktop/Semester Project/EPFL_Network_Calculus_Semester_Project/DNC/src/experiments/java added.
2021-10-18 16:00:56,881 [Worker-25: Building] INFO  o.e.m.c.i.embedder.EclipseLogger - Source directory: /Users/wangweiran/Desktop/Semester Project/EPFL_Network_Calculus_Semester_Project/DNC/src/functional_tests/java added.
2021-10-18 16:00:56,881 [Worker-25: Building] INFO  o.e.m.c.i.embedder.EclipseLogger - Source directory: /Users/wangweiran/Desktop/Semester Project/EPFL_Network_Calculus_Semester_Project/DNC/src/mpa_ext/java added.
2021-10-18 16:00:56,882 [Worker-25: Building] INFO  o.e.m.c.i.embedder.EclipseLogger - Test Source directory: /Users/wangweiran/Desktop/Semester Project/EPFL_Network_Calculus_Semester_Project/DNC/src/functional_tests/java added.
2021-10-18 16:00:56,889 [Worker-25: Building] INFO  o.e.m.c.i.embedder.EclipseLogger - Using 'UTF-8' encoding to copy filtered resources.
2021-10-18 16:00:56,890 [Worker-25: Building] INFO  o.e.m.c.i.embedder.EclipseLogger - skip non existing resourceDirectory /Users/wangweiran/Desktop/Semester Project/EPFL_Network_Calculus_Semester_Project/DNC/src/main/resources
2021-10-18 16:00:56,894 [Worker-25: Building] INFO  o.e.m.c.i.embedder.EclipseLogger - Using 'UTF-8' encoding to copy filtered resources.
2021-10-18 16:00:56,895 [Worker-25: Building] INFO  o.e.m.c.i.embedder.EclipseLogger - skip non existing resourceDirectory /Users/wangweiran/Desktop/Semester Project/EPFL_Network_Calculus_Semester_Project/DNC/src/test/resources
2021-10-18 16:01:08,297 [main] INFO  o.e.m2e.actions.ExecutePomAction - Creating new launch configuration
2021-10-18 16:01:17,047 [Worker-22: Launching DNC] INFO  o.e.m.i.launch.MavenLaunchDelegate - /Users/wangweiran/Desktop/Semester Project/EPFL_Network_Calculus_Semester_Project/DNC
2021-10-18 16:01:17,047 [Worker-22: Launching DNC] INFO  o.e.m.i.launch.MavenLaunchDelegate -  mvn -Peclipse,tests,exp,mpa -B validate
2021-10-18 16:01:41,879 [Worker-15: Updating Maven Project] INFO  o.e.m.c.i.p.ProjectConfigurationManager - Update started
2021-10-18 16:01:42,047 [Worker-15: Updating Maven Project] INFO  o.e.m.c.i.l.LifecycleMappingFactory - Using org.eclipse.m2e.jdt.JarLifecycleMapping lifecycle mapping for MavenProject: org.networkcalculus.dnc:NetCal-DNC:2.6.2 @ /Users/wangweiran/Desktop/Semester Project/EPFL_Network_Calculus_Semester_Project/DNC/pom.xml.
2021-10-18 16:01:42,351 [Worker-15: Updating Maven Project] INFO  o.e.m.c.i.embedder.EclipseLogger - Source directory: /Users/wangweiran/Desktop/Semester Project/EPFL_Network_Calculus_Semester_Project/DNC/src/experiments/java added.
2021-10-18 16:01:42,351 [Worker-15: Updating Maven Project] INFO  o.e.m.c.i.embedder.EclipseLogger - Source directory: /Users/wangweiran/Desktop/Semester Project/EPFL_Network_Calculus_Semester_Project/DNC/src/functional_tests/java added.
2021-10-18 16:01:42,352 [Worker-15: Updating Maven Project] INFO  o.e.m.c.i.embedder.EclipseLogger - Source directory: /Users/wangweiran/Desktop/Semester Project/EPFL_Network_Calculus_Semester_Project/DNC/src/mpa_ext/java added.
2021-10-18 16:01:42,352 [Worker-15: Updating Maven Project] INFO  o.e.m.c.i.embedder.EclipseLogger - Test Source directory: /Users/wangweiran/Desktop/Semester Project/EPFL_Network_Calculus_Semester_Project/DNC/src/functional_tests/java added.
2021-10-18 16:01:42,384 [Worker-15: Updating Maven Project] INFO  o.e.m.j.i.AbstractJavaProjectConfigurator - Adding source folder /DNC/src/main/java
2021-10-18 16:01:42,385 [Worker-15: Updating Maven Project] INFO  o.e.m.j.i.AbstractJavaProjectConfigurator - Adding source folder /DNC/src/experiments/java
2021-10-18 16:01:42,386 [Worker-15: Updating Maven Project] INFO  o.e.m.j.i.AbstractJavaProjectConfigurator - Adding source folder /DNC/src/functional_tests/java
2021-10-18 16:01:42,386 [Worker-15: Updating Maven Project] INFO  o.e.m.j.i.AbstractJavaProjectConfigurator - Adding source folder /DNC/src/mpa_ext/java
2021-10-18 16:01:42,386 [Worker-15: Updating Maven Project] INFO  o.e.m.j.i.AbstractJavaProjectConfigurator - Adding source folder /DNC/src/test/java
2021-10-18 16:01:42,387 [Worker-15: Updating Maven Project] INFO  o.e.m.j.i.AbstractJavaProjectConfigurator - Adding source folder /DNC/src/functional_tests/java
2021-10-18 16:01:42,516 [Worker-15: Updating Maven Project] INFO  o.e.m.c.i.p.ProjectConfigurationManager - Update completed: 0 sec
2021-10-18 16:01:49,214 [Worker-18: Building] INFO  o.e.m.c.i.embedder.EclipseLogger - Source directory: /Users/wangweiran/Desktop/Semester Project/EPFL_Network_Calculus_Semester_Project/DNC/src/experiments/java added.
2021-10-18 16:01:49,214 [Worker-18: Building] INFO  o.e.m.c.i.embedder.EclipseLogger - Source directory: /Users/wangweiran/Desktop/Semester Project/EPFL_Network_Calculus_Semester_Project/DNC/src/functional_tests/java added.
2021-10-18 16:01:49,214 [Worker-18: Building] INFO  o.e.m.c.i.embedder.EclipseLogger - Source directory: /Users/wangweiran/Desktop/Semester Project/EPFL_Network_Calculus_Semester_Project/DNC/src/mpa_ext/java added.
2021-10-18 16:01:49,214 [Worker-18: Building] INFO  o.e.m.c.i.embedder.EclipseLogger - Test Source directory: /Users/wangweiran/Desktop/Semester Project/EPFL_Network_Calculus_Semester_Project/DNC/src/functional_tests/java added.
2021-10-18 16:01:49,220 [Worker-18: Building] INFO  o.e.m.c.i.embedder.EclipseLogger - Using 'UTF-8' encoding to copy filtered resources.
2021-10-18 16:01:49,220 [Worker-18: Building] INFO  o.e.m.c.i.embedder.EclipseLogger - skip non existing resourceDirectory /Users/wangweiran/Desktop/Semester Project/EPFL_Network_Calculus_Semester_Project/DNC/src/main/resources
2021-10-18 16:01:49,221 [Worker-18: Building] INFO  o.e.m.c.i.embedder.EclipseLogger - Using 'UTF-8' encoding to copy filtered resources.
2021-10-18 16:01:49,222 [Worker-18: Building] INFO  o.e.m.c.i.embedder.EclipseLogger - skip non existing resourceDirectory /Users/wangweiran/Desktop/Semester Project/EPFL_Network_Calculus_Semester_Project/DNC/src/test/resources
2021-10-18 16:01:53,467 [Worker-19: Launching Executing test in _Users_wangweiran_Desktop_Semester Project_EPFL_Network_Calculus_Semester_Project_DNC] INFO  o.e.m.i.launch.MavenLaunchDelegate - /Users/wangweiran/Desktop/Semester Project/EPFL_Network_Calculus_Semester_Project/DNC
2021-10-18 16:01:53,467 [Worker-19: Launching Executing test in _Users_wangweiran_Desktop_Semester Project_EPFL_Network_Calculus_Semester_Project_DNC] INFO  o.e.m.i.launch.MavenLaunchDelegate -  mvn -Peclipse,tests,exp,mpa -B test
2021-10-18 16:02:22,286 [Worker-21: Building] INFO  o.e.m.c.i.embedder.EclipseLogger - Source directory: /Users/wangweiran/Desktop/Semester Project/EPFL_Network_Calculus_Semester_Project/DNC/src/experiments/java added.
2021-10-18 16:02:22,287 [Worker-21: Building] INFO  o.e.m.c.i.embedder.EclipseLogger - Source directory: /Users/wangweiran/Desktop/Semester Project/EPFL_Network_Calculus_Semester_Project/DNC/src/functional_tests/java added.
2021-10-18 16:02:22,287 [Worker-21: Building] INFO  o.e.m.c.i.embedder.EclipseLogger - Source directory: /Users/wangweiran/Desktop/Semester Project/EPFL_Network_Calculus_Semester_Project/DNC/src/mpa_ext/java added.
2021-10-18 16:02:22,287 [Worker-21: Building] INFO  o.e.m.c.i.embedder.EclipseLogger - Test Source directory: /Users/wangweiran/Desktop/Semester Project/EPFL_Network_Calculus_Semester_Project/DNC/src/functional_tests/java added.
2021-10-18 16:02:22,288 [Worker-21: Building] INFO  o.e.m.c.i.embedder.EclipseLogger - Using 'UTF-8' encoding to copy filtered resources.
2021-10-18 16:02:22,288 [Worker-21: Building] INFO  o.e.m.c.i.embedder.EclipseLogger - skip non existing resourceDirectory /Users/wangweiran/Desktop/Semester Project/EPFL_Network_Calculus_Semester_Project/DNC/src/main/resources
2021-10-18 16:02:22,289 [Worker-21: Building] INFO  o.e.m.c.i.embedder.EclipseLogger - Using 'UTF-8' encoding to copy filtered resources.
2021-10-18 16:02:22,289 [Worker-21: Building] INFO  o.e.m.c.i.embedder.EclipseLogger - skip non existing resourceDirectory /Users/wangweiran/Desktop/Semester Project/EPFL_Network_Calculus_Semester_Project/DNC/src/test/resources
2021-10-18 16:12:19,204 [Worker-10: Enabling Maven Dependency Management] INFO  o.e.m.c.i.l.LifecycleMappingFactory - Using org.eclipse.m2e.jdt.JarLifecycleMapping lifecycle mapping for MavenProject: org.networkcalculus.dnc:NetCal-DNC:2.6.2 @ /Users/wangweiran/Desktop/Semester Project/EPFL_Network_Calculus_Semester_Project/DNC/pom.xml.
2021-10-18 16:12:19,287 [Worker-31: Updating Git status for repository DNC] WARN  o.e.j.i.storage.file.PackDirectory - Pack file /Users/wangweiran/Desktop/Semester Project/EPFL_Network_Calculus_Semester_Project/DNC/.git/modules/src/mpa_ext/objects/pack/pack-887697a30fb4157528fdd0e14980e09cdd664fdd.pack was deleted, removing it from pack list
java.io.FileNotFoundException: /Users/wangweiran/Desktop/Semester Project/EPFL_Network_Calculus_Semester_Project/DNC/.git/modules/src/mpa_ext/objects/pack/pack-887697a30fb4157528fdd0e14980e09cdd664fdd.pack (No such file or directory)
	at java.base/java.io.RandomAccessFile.open0(Native Method)
	at java.base/java.io.RandomAccessFile.open(RandomAccessFile.java:343)
	at java.base/java.io.RandomAccessFile.<init>(RandomAccessFile.java:258)
	at java.base/java.io.RandomAccessFile.<init>(RandomAccessFile.java:213)
	at org.eclipse.jgit.internal.storage.file.Pack.doOpen(Pack.java:648)
	at org.eclipse.jgit.internal.storage.file.Pack.beginWindowCache(Pack.java:628)
	at org.eclipse.jgit.internal.storage.file.WindowCache.load(WindowCache.java:510)
	at org.eclipse.jgit.internal.storage.file.WindowCache.getOrLoad(WindowCache.java:602)
	at org.eclipse.jgit.internal.storage.file.WindowCache.get(WindowCache.java:385)
	at org.eclipse.jgit.internal.storage.file.WindowCursor.pin(WindowCursor.java:327)
	at org.eclipse.jgit.internal.storage.file.WindowCursor.copy(WindowCursor.java:226)
	at org.eclipse.jgit.internal.storage.file.Pack.readFully(Pack.java:604)
	at org.eclipse.jgit.internal.storage.file.Pack.load(Pack.java:787)
	at org.eclipse.jgit.internal.storage.file.Pack.get(Pack.java:274)
	at org.eclipse.jgit.internal.storage.file.PackDirectory.open(PackDirectory.java:212)
	at org.eclipse.jgit.internal.storage.file.ObjectDirectory.openPackedObject(ObjectDirectory.java:390)
	at org.eclipse.jgit.internal.storage.file.ObjectDirectory.openPackedFromSelfOrAlternate(ObjectDirectory.java:354)
	at org.eclipse.jgit.internal.storage.file.ObjectDirectory.openObjectWithoutRestoring(ObjectDirectory.java:345)
	at org.eclipse.jgit.internal.storage.file.ObjectDirectory.openObject(ObjectDirectory.java:330)
	at org.eclipse.jgit.internal.storage.file.WindowCursor.open(WindowCursor.java:132)
	at org.eclipse.jgit.lib.ObjectReader.open(ObjectReader.java:212)
	at org.eclipse.jgit.revwalk.RevWalk.parseAny(RevWalk.java:1068)
	at org.eclipse.jgit.revwalk.RevWalk.parseTree(RevWalk.java:1006)
	at org.eclipse.jgit.lib.IndexDiff.<init>(IndexDiff.java:290)
	at org.eclipse.jgit.lib.IndexDiff.diff(IndexDiff.java:597)
	at org.eclipse.egit.core.internal.indexdiff.IndexDiffCacheEntry.lambda$5(IndexDiffCacheEntry.java:580)
	at org.eclipse.egit.core.UnitOfWork.run(UnitOfWork.java:115)
	at org.eclipse.egit.core.internal.indexdiff.IndexDiffCacheEntry.calcIndexDiffDataIncremental(IndexDiffCacheEntry.java:571)
	at org.eclipse.egit.core.internal.indexdiff.IndexDiffCacheEntry.access$10(IndexDiffCacheEntry.java:557)
	at org.eclipse.egit.core.internal.indexdiff.IndexDiffCacheEntry$3.updateIndexDiff(IndexDiffCacheEntry.java:503)
	at org.eclipse.egit.core.internal.indexdiff.IndexDiffUpdateJob.run(IndexDiffUpdateJob.java:77)
	at org.eclipse.core.internal.jobs.Worker.run(Worker.java:63)
2021-10-18 16:12:19,523 [Worker-10: Enabling Maven Dependency Management] INFO  o.e.m.j.i.AbstractJavaProjectConfigurator - Adding source folder /DNC/src/main/java
2021-10-18 16:12:19,524 [Worker-10: Enabling Maven Dependency Management] INFO  o.e.m.j.i.AbstractJavaProjectConfigurator - Adding source folder /DNC/src/test/java
2021-10-18 16:12:19,607 [Worker-10: Enabling Maven Dependency Management] INFO  o.e.m.c.i.p.ProjectConfigurationManager - Update started
2021-10-18 16:12:19,752 [Worker-10: Enabling Maven Dependency Management] INFO  o.e.m.c.i.l.LifecycleMappingFactory - Using org.eclipse.m2e.jdt.JarLifecycleMapping lifecycle mapping for MavenProject: org.networkcalculus.dnc:NetCal-DNC:2.6.2 @ /Users/wangweiran/Desktop/Semester Project/EPFL_Network_Calculus_Semester_Project/DNC/pom.xml.
2021-10-18 16:12:19,917 [Worker-10: Enabling Maven Dependency Management] INFO  o.e.m.j.i.AbstractJavaProjectConfigurator - Adding source folder /DNC/src/main/java
2021-10-18 16:12:19,917 [Worker-10: Enabling Maven Dependency Management] INFO  o.e.m.j.i.AbstractJavaProjectConfigurator - Adding source folder /DNC/src/test/java
2021-10-18 16:12:20,002 [Worker-10: Enabling Maven Dependency Management] INFO  o.e.m.c.i.p.ProjectConfigurationManager - Update completed: 0 sec
2021-10-18 16:12:25,662 [Worker-30: Building] INFO  o.e.m.c.i.embedder.EclipseLogger - Using 'UTF-8' encoding to copy filtered resources.
2021-10-18 16:12:25,663 [Worker-30: Building] INFO  o.e.m.c.i.embedder.EclipseLogger - skip non existing resourceDirectory /Users/wangweiran/Desktop/Semester Project/EPFL_Network_Calculus_Semester_Project/DNC/src/main/resources
2021-10-18 16:12:25,665 [Worker-30: Building] INFO  o.e.m.c.i.embedder.EclipseLogger - Using 'UTF-8' encoding to copy filtered resources.
2021-10-18 16:12:25,665 [Worker-30: Building] INFO  o.e.m.c.i.embedder.EclipseLogger - skip non existing resourceDirectory /Users/wangweiran/Desktop/Semester Project/EPFL_Network_Calculus_Semester_Project/DNC/src/test/resources
2021-10-18 16:12:39,647 [Worker-35: Building] INFO  o.e.m.c.i.l.LifecycleMappingFactory - Using org.eclipse.m2e.jdt.JarLifecycleMapping lifecycle mapping for MavenProject: org.networkcalculus.dnc:NetCal-DNC:2.6.2 @ /Users/wangweiran/Desktop/Semester Project/EPFL_Network_Calculus_Semester_Project/DNC/pom.xml.
2021-10-18 16:12:40,639 [Worker-35: Building] INFO  o.e.m.c.i.embedder.EclipseLogger - Source directory: /Users/wangweiran/Desktop/Semester Project/EPFL_Network_Calculus_Semester_Project/DNC/src/experiments/java added.
2021-10-18 16:12:40,639 [Worker-35: Building] INFO  o.e.m.c.i.embedder.EclipseLogger - Source directory: /Users/wangweiran/Desktop/Semester Project/EPFL_Network_Calculus_Semester_Project/DNC/src/functional_tests/java added.
2021-10-18 16:12:40,639 [Worker-35: Building] INFO  o.e.m.c.i.embedder.EclipseLogger - Source directory: /Users/wangweiran/Desktop/Semester Project/EPFL_Network_Calculus_Semester_Project/DNC/src/mpa_ext/java added.
2021-10-18 16:12:40,641 [Worker-35: Building] INFO  o.e.m.c.i.embedder.EclipseLogger - Test Source directory: /Users/wangweiran/Desktop/Semester Project/EPFL_Network_Calculus_Semester_Project/DNC/src/functional_tests/java added.
2021-10-18 16:12:40,690 [Worker-35: Building] INFO  o.e.m.c.i.embedder.EclipseLogger - Using 'UTF-8' encoding to copy filtered resources.
2021-10-18 16:12:40,690 [Worker-35: Building] INFO  o.e.m.c.i.embedder.EclipseLogger - skip non existing resourceDirectory /Users/wangweiran/Desktop/Semester Project/EPFL_Network_Calculus_Semester_Project/DNC/src/main/resources
2021-10-18 16:12:40,692 [Worker-35: Building] INFO  o.e.m.c.i.embedder.EclipseLogger - Using 'UTF-8' encoding to copy filtered resources.
2021-10-18 16:12:40,692 [Worker-35: Building] INFO  o.e.m.c.i.embedder.EclipseLogger - skip non existing resourceDirectory /Users/wangweiran/Desktop/Semester Project/EPFL_Network_Calculus_Semester_Project/DNC/src/test/resources
2021-10-18 16:12:40,749 [Worker-35: Updating DNC Sources] INFO  o.e.m.c.i.p.ProjectConfigurationManager - Update started
2021-10-18 16:12:40,941 [Worker-35: Updating DNC Sources] INFO  o.e.m.c.i.l.LifecycleMappingFactory - Using org.eclipse.m2e.jdt.JarLifecycleMapping lifecycle mapping for MavenProject: org.networkcalculus.dnc:NetCal-DNC:2.6.2 @ /Users/wangweiran/Desktop/Semester Project/EPFL_Network_Calculus_Semester_Project/DNC/pom.xml.
2021-10-18 16:12:41,326 [Worker-35: Updating DNC Sources] INFO  o.e.m.c.i.embedder.EclipseLogger - Source directory: /Users/wangweiran/Desktop/Semester Project/EPFL_Network_Calculus_Semester_Project/DNC/src/experiments/java added.
2021-10-18 16:12:41,327 [Worker-35: Updating DNC Sources] INFO  o.e.m.c.i.embedder.EclipseLogger - Source directory: /Users/wangweiran/Desktop/Semester Project/EPFL_Network_Calculus_Semester_Project/DNC/src/functional_tests/java added.
2021-10-18 16:12:41,327 [Worker-35: Updating DNC Sources] INFO  o.e.m.c.i.embedder.EclipseLogger - Source directory: /Users/wangweiran/Desktop/Semester Project/EPFL_Network_Calculus_Semester_Project/DNC/src/mpa_ext/java added.
2021-10-18 16:12:41,328 [Worker-35: Updating DNC Sources] INFO  o.e.m.c.i.embedder.EclipseLogger - Test Source directory: /Users/wangweiran/Desktop/Semester Project/EPFL_Network_Calculus_Semester_Project/DNC/src/functional_tests/java added.
2021-10-18 16:12:41,374 [Worker-35: Updating DNC Sources] INFO  o.e.m.j.i.AbstractJavaProjectConfigurator - Adding source folder /DNC/src/main/java
2021-10-18 16:12:41,378 [Worker-35: Updating DNC Sources] INFO  o.e.m.j.i.AbstractJavaProjectConfigurator - Adding source folder /DNC/src/experiments/java
2021-10-18 16:12:41,381 [Worker-35: Updating DNC Sources] INFO  o.e.m.j.i.AbstractJavaProjectConfigurator - Adding source folder /DNC/src/functional_tests/java
2021-10-18 16:12:41,384 [Worker-35: Updating DNC Sources] INFO  o.e.m.j.i.AbstractJavaProjectConfigurator - Adding source folder /DNC/src/mpa_ext/java
2021-10-18 16:12:41,384 [Worker-35: Updating DNC Sources] INFO  o.e.m.j.i.AbstractJavaProjectConfigurator - Adding source folder /DNC/src/test/java
2021-10-18 16:12:41,385 [Worker-35: Updating DNC Sources] INFO  o.e.m.j.i.AbstractJavaProjectConfigurator - Adding source folder /DNC/src/functional_tests/java
2021-10-18 16:12:41,591 [Worker-35: Updating DNC Sources] INFO  o.e.m.c.i.p.ProjectConfigurationManager - Update completed: 0 sec
2021-10-18 16:12:48,123 [Worker-33: Building] INFO  o.e.m.c.i.embedder.EclipseLogger - Source directory: /Users/wangweiran/Desktop/Semester Project/EPFL_Network_Calculus_Semester_Project/DNC/src/experiments/java added.
2021-10-18 16:12:48,123 [Worker-33: Building] INFO  o.e.m.c.i.embedder.EclipseLogger - Source directory: /Users/wangweiran/Desktop/Semester Project/EPFL_Network_Calculus_Semester_Project/DNC/src/functional_tests/java added.
2021-10-18 16:12:48,123 [Worker-33: Building] INFO  o.e.m.c.i.embedder.EclipseLogger - Source directory: /Users/wangweiran/Desktop/Semester Project/EPFL_Network_Calculus_Semester_Project/DNC/src/mpa_ext/java added.
2021-10-18 16:12:48,124 [Worker-33: Building] INFO  o.e.m.c.i.embedder.EclipseLogger - Test Source directory: /Users/wangweiran/Desktop/Semester Project/EPFL_Network_Calculus_Semester_Project/DNC/src/functional_tests/java added.
2021-10-18 16:12:48,128 [Worker-33: Building] INFO  o.e.m.c.i.embedder.EclipseLogger - Using 'UTF-8' encoding to copy filtered resources.
2021-10-18 16:12:48,128 [Worker-33: Building] INFO  o.e.m.c.i.embedder.EclipseLogger - skip non existing resourceDirectory /Users/wangweiran/Desktop/Semester Project/EPFL_Network_Calculus_Semester_Project/DNC/src/main/resources
2021-10-18 16:12:48,129 [Worker-33: Building] INFO  o.e.m.c.i.embedder.EclipseLogger - Using 'UTF-8' encoding to copy filtered resources.
2021-10-18 16:12:48,130 [Worker-33: Building] INFO  o.e.m.c.i.embedder.EclipseLogger - skip non existing resourceDirectory /Users/wangweiran/Desktop/Semester Project/EPFL_Network_Calculus_Semester_Project/DNC/src/test/resources
2021-10-18 16:12:59,579 [main] INFO  o.e.m2e.actions.ExecutePomAction - Using existing launch configuration
2021-10-18 16:12:59,663 [Worker-30: Launching DNC] INFO  o.e.m.i.launch.MavenLaunchDelegate - /Users/wangweiran/Desktop/Semester Project/EPFL_Network_Calculus_Semester_Project/DNC
2021-10-18 16:12:59,663 [Worker-30: Launching DNC] INFO  o.e.m.i.launch.MavenLaunchDelegate -  mvn -Peclipse,tests,exp,mpa -B validate
2021-10-18 16:13:12,173 [main] INFO  o.e.m2e.actions.ExecutePomAction - Using existing launch configuration
2021-10-18 16:13:12,252 [Worker-28: Launching DNC] INFO  o.e.m.i.launch.MavenLaunchDelegate - /Users/wangweiran/Desktop/Semester Project/EPFL_Network_Calculus_Semester_Project/DNC
2021-10-18 16:13:12,252 [Worker-28: Launching DNC] INFO  o.e.m.i.launch.MavenLaunchDelegate -  mvn -Peclipse,tests,exp,mpa -B validate
2021-10-18 16:13:25,962 [Worker-35: Launching DNC] INFO  o.e.m.i.launch.MavenLaunchDelegate - /Users/wangweiran/Desktop/Semester Project/EPFL_Network_Calculus_Semester_Project/DNC
2021-10-18 16:13:25,963 [Worker-35: Launching DNC] INFO  o.e.m.i.launch.MavenLaunchDelegate -  mvn -Peclipse,tests,exp,mpa -B validate
2021-10-18 16:13:37,422 [Worker-33: Updating Maven Project] INFO  o.e.m.c.i.p.ProjectConfigurationManager - Update started
2021-10-18 16:13:37,552 [Worker-33: Updating Maven Project] INFO  o.e.m.c.i.l.LifecycleMappingFactory - Using org.eclipse.m2e.jdt.JarLifecycleMapping lifecycle mapping for MavenProject: org.networkcalculus.dnc:NetCal-DNC:2.6.2 @ /Users/wangweiran/Desktop/Semester Project/EPFL_Network_Calculus_Semester_Project/DNC/pom.xml.
2021-10-18 16:13:37,733 [Worker-33: Updating Maven Project] INFO  o.e.m.c.i.embedder.EclipseLogger - Source directory: /Users/wangweiran/Desktop/Semester Project/EPFL_Network_Calculus_Semester_Project/DNC/src/experiments/java added.
2021-10-18 16:13:37,733 [Worker-33: Updating Maven Project] INFO  o.e.m.c.i.embedder.EclipseLogger - Source directory: /Users/wangweiran/Desktop/Semester Project/EPFL_Network_Calculus_Semester_Project/DNC/src/functional_tests/java added.
2021-10-18 16:13:37,734 [Worker-33: Updating Maven Project] INFO  o.e.m.c.i.embedder.EclipseLogger - Source directory: /Users/wangweiran/Desktop/Semester Project/EPFL_Network_Calculus_Semester_Project/DNC/src/mpa_ext/java added.
2021-10-18 16:13:37,735 [Worker-33: Updating Maven Project] INFO  o.e.m.c.i.embedder.EclipseLogger - Test Source directory: /Users/wangweiran/Desktop/Semester Project/EPFL_Network_Calculus_Semester_Project/DNC/src/functional_tests/java added.
2021-10-18 16:13:37,760 [Worker-33: Updating Maven Project] INFO  o.e.m.j.i.AbstractJavaProjectConfigurator - Adding source folder /DNC/src/main/java
2021-10-18 16:13:37,761 [Worker-33: Updating Maven Project] INFO  o.e.m.j.i.AbstractJavaProjectConfigurator - Adding source folder /DNC/src/experiments/java
2021-10-18 16:13:37,762 [Worker-33: Updating Maven Project] INFO  o.e.m.j.i.AbstractJavaProjectConfigurator - Adding source folder /DNC/src/functional_tests/java
2021-10-18 16:13:37,762 [Worker-33: Updating Maven Project] INFO  o.e.m.j.i.AbstractJavaProjectConfigurator - Adding source folder /DNC/src/mpa_ext/java
2021-10-18 16:13:37,762 [Worker-33: Updating Maven Project] INFO  o.e.m.j.i.AbstractJavaProjectConfigurator - Adding source folder /DNC/src/test/java
2021-10-18 16:13:37,762 [Worker-33: Updating Maven Project] INFO  o.e.m.j.i.AbstractJavaProjectConfigurator - Adding source folder /DNC/src/functional_tests/java
2021-10-18 16:13:37,870 [Worker-33: Updating Maven Project] INFO  o.e.m.c.i.p.ProjectConfigurationManager - Update completed: 0 sec
2021-10-18 16:13:43,897 [Worker-30: Building] INFO  o.e.m.c.i.embedder.EclipseLogger - Source directory: /Users/wangweiran/Desktop/Semester Project/EPFL_Network_Calculus_Semester_Project/DNC/src/experiments/java added.
2021-10-18 16:13:43,897 [Worker-30: Building] INFO  o.e.m.c.i.embedder.EclipseLogger - Source directory: /Users/wangweiran/Desktop/Semester Project/EPFL_Network_Calculus_Semester_Project/DNC/src/functional_tests/java added.
2021-10-18 16:13:43,898 [Worker-30: Building] INFO  o.e.m.c.i.embedder.EclipseLogger - Source directory: /Users/wangweiran/Desktop/Semester Project/EPFL_Network_Calculus_Semester_Project/DNC/src/mpa_ext/java added.
2021-10-18 16:13:43,899 [Worker-30: Building] INFO  o.e.m.c.i.embedder.EclipseLogger - Test Source directory: /Users/wangweiran/Desktop/Semester Project/EPFL_Network_Calculus_Semester_Project/DNC/src/functional_tests/java added.
2021-10-18 16:13:43,908 [Worker-30: Building] INFO  o.e.m.c.i.embedder.EclipseLogger - Using 'UTF-8' encoding to copy filtered resources.
2021-10-18 16:13:43,909 [Worker-30: Building] INFO  o.e.m.c.i.embedder.EclipseLogger - skip non existing resourceDirectory /Users/wangweiran/Desktop/Semester Project/EPFL_Network_Calculus_Semester_Project/DNC/src/main/resources
2021-10-18 16:13:43,910 [Worker-30: Building] INFO  o.e.m.c.i.embedder.EclipseLogger - Using 'UTF-8' encoding to copy filtered resources.
2021-10-18 16:13:43,910 [Worker-30: Building] INFO  o.e.m.c.i.embedder.EclipseLogger - skip non existing resourceDirectory /Users/wangweiran/Desktop/Semester Project/EPFL_Network_Calculus_Semester_Project/DNC/src/test/resources
2021-10-18 16:13:46,153 [Worker-28: Launching Executing test in _Users_wangweiran_Desktop_Semester Project_EPFL_Network_Calculus_Semester_Project_DNC] INFO  o.e.m.i.launch.MavenLaunchDelegate - /Users/wangweiran/Desktop/Semester Project/EPFL_Network_Calculus_Semester_Project/DNC
2021-10-18 16:13:46,153 [Worker-28: Launching Executing test in _Users_wangweiran_Desktop_Semester Project_EPFL_Network_Calculus_Semester_Project_DNC] INFO  o.e.m.i.launch.MavenLaunchDelegate -  mvn -Peclipse,tests,exp,mpa -B test
2021-10-18 16:14:14,519 [Worker-33: Building] INFO  o.e.m.c.i.embedder.EclipseLogger - Source directory: /Users/wangweiran/Desktop/Semester Project/EPFL_Network_Calculus_Semester_Project/DNC/src/experiments/java added.
2021-10-18 16:14:14,520 [Worker-33: Building] INFO  o.e.m.c.i.embedder.EclipseLogger - Source directory: /Users/wangweiran/Desktop/Semester Project/EPFL_Network_Calculus_Semester_Project/DNC/src/functional_tests/java added.
2021-10-18 16:14:14,520 [Worker-33: Building] INFO  o.e.m.c.i.embedder.EclipseLogger - Source directory: /Users/wangweiran/Desktop/Semester Project/EPFL_Network_Calculus_Semester_Project/DNC/src/mpa_ext/java added.
2021-10-18 16:14:14,521 [Worker-33: Building] INFO  o.e.m.c.i.embedder.EclipseLogger - Test Source directory: /Users/wangweiran/Desktop/Semester Project/EPFL_Network_Calculus_Semester_Project/DNC/src/functional_tests/java added.
2021-10-18 16:14:14,522 [Worker-33: Building] INFO  o.e.m.c.i.embedder.EclipseLogger - Using 'UTF-8' encoding to copy filtered resources.
2021-10-18 16:14:14,523 [Worker-33: Building] INFO  o.e.m.c.i.embedder.EclipseLogger - skip non existing resourceDirectory /Users/wangweiran/Desktop/Semester Project/EPFL_Network_Calculus_Semester_Project/DNC/src/main/resources
2021-10-18 16:14:14,524 [Worker-33: Building] INFO  o.e.m.c.i.embedder.EclipseLogger - Using 'UTF-8' encoding to copy filtered resources.
2021-10-18 16:14:14,524 [Worker-33: Building] INFO  o.e.m.c.i.embedder.EclipseLogger - skip non existing resourceDirectory /Users/wangweiran/Desktop/Semester Project/EPFL_Network_Calculus_Semester_Project/DNC/src/test/resources
